// 同步 ID: 9ec98b92 @ Wed May 27 12:20:34 UTC 2026
// 同步 ID: e5f238aa @ Thu May 28 13:40:20 UTC 2026
// 重构日志: 2c79ce71
// 重构日志: a59ae3f9
// 重构日志: cd4bdf59
// 重构日志: 593f849b
// 重构日志: 27d71581
// 重构日志: 3a87d584
// 重构日志: a0c8efd1
// 重构日志: 0a26600f
// 同步 ID: 0e56c91b @ Thu Jun 11 12:37:50 UTC 2026
// 重构日志: 762edbbc
// 重构日志: a6fa97a1
// 同步 ID: b0e0c0bf @ Sun Jun 14 09:21:20 UTC 2026
// 同步 ID: 163a41cb @ Sun Jun 14 20:48:43 UTC 2026
// 重构日志: 77f059c8
// 重构日志: c0e6eff1
// 重构日志: f97e0f5e
// 重构日志: 0a925afe
// 重构日志: 9eaaf0d0
// 同步 ID: 2a34e182 @ Sat Jun 20 13:47:42 UTC 2026
// 同步 ID: 3d2aad74 @ Sat Jun 20 17:46:09 UTC 2026
// 重构日志: 04f26f06
// 重构日志: 3429c502
// 重构日志: 344e8f7d
// 重构日志: 8dff3556
